<?xml version="1.0" encoding="UTF-8"?>
<testng-results skipped="0" failed="0" total="3" passed="3">
  <reporter-output>
  </reporter-output>
  <suite name="Suite" duration-ms="35754" started-at="2020-12-31T02:07:54Z" finished-at="2020-12-31T02:08:30Z">
    <groups>
    </groups>
    <test name="E2E" duration-ms="35754" started-at="2020-12-31T02:07:54Z" finished-at="2020-12-31T02:08:30Z">
      <class name="End2End.MyTest">
        <test-method status="PASS" signature="suiteInitialization()[pri:0, instance:End2End.MyTest@52719fb6]" name="suiteInitialization" is-config="true" duration-ms="396" started-at="2020-12-30T21:07:54Z" finished-at="2020-12-30T21:07:54Z">
          <reporter-output>
          </reporter-output>
        </test-method> <!-- suiteInitialization -->
        <test-method status="PASS" signature="clickConfirm()[pri:0, instance:End2End.MyTest@52719fb6]" name="clickConfirm" duration-ms="12966" started-at="2020-12-30T21:07:54Z" finished-at="2020-12-30T21:08:07Z">
          <reporter-output>
          </reporter-output>
        </test-method> <!-- clickConfirm -->
        <test-method status="PASS" signature="quitDriver()[pri:0, instance:End2End.MyTest@52719fb6]" name="quitDriver" is-config="true" duration-ms="210" started-at="2020-12-30T21:08:07Z" finished-at="2020-12-30T21:08:07Z">
          <reporter-output>
          </reporter-output>
        </test-method> <!-- quitDriver -->
        <test-method status="PASS" signature="qaClickAcadamy()[pri:0, instance:End2End.MyTest@52719fb6]" name="qaClickAcadamy" duration-ms="11266" started-at="2020-12-30T21:08:07Z" finished-at="2020-12-30T21:08:18Z">
          <reporter-output>
          </reporter-output>
        </test-method> <!-- qaClickAcadamy -->
        <test-method status="PASS" signature="quitDriver()[pri:0, instance:End2End.MyTest@52719fb6]" name="quitDriver" is-config="true" duration-ms="173" started-at="2020-12-30T21:08:18Z" finished-at="2020-12-30T21:08:19Z">
          <reporter-output>
          </reporter-output>
        </test-method> <!-- quitDriver -->
        <test-method status="PASS" signature="selectExample()[pri:0, instance:End2End.MyTest@52719fb6]" name="selectExample" duration-ms="11012" started-at="2020-12-30T21:08:19Z" finished-at="2020-12-30T21:08:30Z">
          <reporter-output>
          </reporter-output>
        </test-method> <!-- selectExample -->
        <test-method status="PASS" signature="quitDriver()[pri:0, instance:End2End.MyTest@52719fb6]" name="quitDriver" is-config="true" duration-ms="107" started-at="2020-12-30T21:08:30Z" finished-at="2020-12-30T21:08:30Z">
          <reporter-output>
          </reporter-output>
        </test-method> <!-- quitDriver -->
        <test-method status="PASS" signature="suiteTermination()[pri:0, instance:End2End.MyTest@52719fb6]" name="suiteTermination" is-config="true" duration-ms="626" started-at="2020-12-30T21:08:30Z" finished-at="2020-12-30T21:08:30Z">
          <reporter-output>
          </reporter-output>
        </test-method> <!-- suiteTermination -->
      </class> <!-- End2End.MyTest -->
    </test> <!-- E2E -->
  </suite> <!-- Suite -->
</testng-results>
