<?xml version="1.0" encoding="UTF-8"?>
<testng-results skipped="0" failed="0" ignored="0" total="2" passed="2">
  <reporter-output>
  </reporter-output>
  <suite name="Default suite" duration-ms="15700" started-at="2020-12-29T14:47:58 EST" finished-at="2020-12-29T14:48:14 EST">
    <groups>
    </groups>
    <test name="Default test" duration-ms="15700" started-at="2020-12-29T14:47:58 EST" finished-at="2020-12-29T14:48:14 EST">
      <class name="End2End.MyTest">
        <test-method status="PASS" signature="clickConfirm()[pri:0, instance:End2End.MyTest@71d44a3]" name="clickConfirm" duration-ms="8019" started-at="2020-12-29T14:47:58 EST" finished-at="2020-12-29T14:48:06 EST">
          <reporter-output>
          </reporter-output>
        </test-method> <!-- clickConfirm -->
        <test-method status="PASS" signature="quitDriver()[pri:0, instance:End2End.MyTest@71d44a3]" name="quitDriver" is-config="true" duration-ms="209" started-at="2020-12-29T14:48:06 EST" finished-at="2020-12-29T14:48:06 EST">
          <reporter-output>
          </reporter-output>
        </test-method> <!-- quitDriver -->
        <test-method status="PASS" signature="selectExample()[pri:0, instance:End2End.MyTest@71d44a3]" name="selectExample" duration-ms="7213" started-at="2020-12-29T14:48:06 EST" finished-at="2020-12-29T14:48:13 EST">
          <reporter-output>
          </reporter-output>
        </test-method> <!-- selectExample -->
        <test-method status="PASS" signature="quitDriver()[pri:0, instance:End2End.MyTest@71d44a3]" name="quitDriver" is-config="true" duration-ms="159" started-at="2020-12-29T14:48:13 EST" finished-at="2020-12-29T14:48:14 EST">
          <reporter-output>
          </reporter-output>
        </test-method> <!-- quitDriver -->
      </class> <!-- End2End.MyTest -->
    </test> <!-- Default test -->
  </suite> <!-- Default suite -->
</testng-results>
